ABCNYjmpsvy147edcbcdef
A?
ABCNYjmpsvy147eTITe741yvspmjYNC
ABMXilorux036fUJUf630xuroliXMB
ALWhknqtwz25gVKVg52zwtqnkhWLA
ABCDEFGHIJK?
ALWhknqtwz25gVK?
ABMXilorux036fUJ?
ABCNYjmpsvy147eTI?
ABCDEFGHIJKVUTSRQPONMLWXYZabcdefg567432
ABCNMLWXYjihklmponqrsvutwxy
ABCNYjmlknqtwxy147efgVK?
ALMNYjmponqtwz0147eTUVK?
ALWXYjmpsrqtwz2347eTIJK?
ALWhijmpsvutwz2567eTI?
ALWhknopmjYNCBMXilorux0325gVKJIHGF
ABMXYZabQFGHIJUfg?
ABCNYZabcRGHIJKVg?
ABCDOZabcdSHIJK?
ABCDEPabcdeTIJK?
ABCDEFQbcdefUJK?
ALMXYZ?
ALWhij?
ABMXilm?
ALWXilmpsvut?
ABCDEFGHSd?
ABCDEFEDCBA?
ABCDEFGRc?
ABCDEFGRSTUV?
ALWhknqtuv?
ABMXiloruxwtqnkhWLA?
ALWXYZOD?
ALMNOPQRSTUV?
ALWhknqtwx0z?
ABMXilorux036fedcbaZYXW?
ALWhknqtwz25gfedcbaZYXW?
ABCDEFGHIJUf65?
ABCDEFGHSdcbaPE?
ABCDEFGHITe765?
ABCDEFGHITe7410z?
ABCDEFGHITe741yxw?
