5,38,100,218,236,5766,17300
-
-
2
3
2,4
5
3,4,9
10,100
10,25,76,90,142,1000
10,24,30,42,80,100,136,10000
22,100,201,302,403,605,1211
62,100,205,215,30852,61705,123411
5178
4918
5790
2748,5497
150,452
66,133
27,652,8488
22,616,1233
41,238,5496
19,35,432,4762
17,27,1986,3973
44,55,502,3520
20,38,53,148,5512
23,29,60,4020,8041
37,60,121,3720,7441
25,1618,4856
49,69,91,141,430,22842
84,121,21646,64940,194822
160,169,235,626,1822,435696
3,7,70,141
5,14,442,885
7,65,93,140,281,516,1033,1550,3101
11,28,99,105,8662,17325
13,72,238,477,716,1433,5496,10993,16490,32981
5,8,11,17,35
6,36
8,250
5,10,17,20,27,35,41,62,83,125,251
12,14,22,252
2,3,9,81,90,510,948,6642
71,79,83,89,104,111,119,125,139,143,167,179,209,239,251,279,314,335,359,419,503,559,629,719,839,1007,1259,1679,2519,5039
23,38,62,104,109,119,131,139,153,164,167,209,219,230,263,279,307,329,384,419,439,461,615,659,769,839,923,1154,1319,1539,1847,2309,3079,4619,9239
