mVVmV
V
V
mV
VV
Vm
VVm
VmVVm
VVVmm
mmVVV
VVmmV
VmVVmmVm
VVVmmmVV
mVVmVmmV
mVVVm
mmVVVVmm
mVVmVVmV
VmmVV
VmmVmVVm
mVmmVVmV
VVmVVmm
mVVmVVmVmmV
VVmmVVmVVmm
VmVVmmVmVVmVVmmVm
VmVVmVVmVVmmVmmVm
mmVVVVmmVVVmmmmVV
mVVmVVmVVmVmmVmmV
VmmVVVm
VmmVmVVmVVm
mmmVVVmmVVV
mVmmVVmVVmV
mmVVVmmmVVVVmmmVV
mVVmVmmVVmVVmVmmV
mmVVmVVmmVV
VmmVmVVmVVmmVmVVm
mmmVVVmmVVVmmmVVV
VVmVVmmmVVm
mmVVVVmmmVVmmmVVV
mVVmVVmVmmVmmVVmV
VVVmmmVVVmmVVVmmmmVVVmmmVV
mVVVmVVmmmVmmVVVm
VmVVmVVmVVmmVmmVmmVmVVmVVm
mVmmVVmVVmVmmVVmVmmVmmVVmV
VmmVVVmVVmm
mmmVVVmmVVVVmmmVV
mVmmVVmVVmVVmVmmV
VVmmmmVVVmmVVVVmmVVVmmmmVV
VVVmmmVVmmmVVVVmm
VmVVmmVmmVmVVmVVm
VVmmVmmVVmmVVVmmV
mVVVmmVmmmVVmVVVm
mVVVmmVVmVVmmmV
VmmVVVmVVmmmVVm
VmmVVVmVVmmmVVm
VVmmVmmVVVmVVmm
VmmmVVmVVmmVVVm
VmVVmVVmmVmmVmmVmVVmVVmVVmVVmmVmmVmmVmVVmVVmVVmmVmmVmmVmVVmVVmmVmmVmmVmVVmVVmVVm
VmmVmmVmVVmVVmmVmVVmVVmVVmmVmmVmVVm
VmmVVVmmVVmVVmmVVmmmVVmVVmmVVVmmVVmmVmmVVmmmVVmVVmmVVVmmVVmVVmmVVmmmVVmmVmmVVVmmVVmmVmmVVmmmVVm
mmVmmVVmmmVVmVVVmmVmmVVVmmVVmVVVmmVmmVVmmmVVmVVVmmVmmVVVmmVVmVVmmmVmmVVmmmVVmVVmmmVmmVVVmmVVmVV
mVVVmVVmmmVVmVVVmmVmmmVmmVVVmVVmmmVmmVVVmmVmmmVVmVVVmVVmmmVVmVVVmmVmmmVVmVVVmVVmmmVmmVVVmmVmmmV
VVmVVmmVVVmmVmmmVVmVVmmmVVmmVmmVVVmVVmmmVVmmVmmVVVmVVmmVVVmmVmmmVVmVVmmVVVmmVmmVVVmVVmmmVVmmVmm
mmVmmVVmmmVVmVVmmmVmmVVVmmVVmVVVmmVmmVVmmmVVmVVVmmVmmVVVmmVVmVVmmmVmmVVmmmVVmVVVmmVmmVVVmmVVmVV
VVmVVmmVVVmmVmmVVVmVVmmmVVmmVmmVVVmVVmmVVVmmVmmmVVmVVmmmVVmmVmmmVVmVVmmVVVmmVmmVVVmVVmmmVVmmVmm
VmmVVVmmVmmmVVmVVmmVVVmVVmmmVVmmVmmVVVmmVmmmVVmmVmmVVVmVVmmmVVmVVmmVVVmmVmmmVVmVVmmVVVmVVmmmVVm
