1_1
3_30
1_1:2
1_1:2:3
1_2|2_1|4_3
1_2|2_1|3_4|4_3|5_5
1_3:21:40:61|2_10
1_2:5:6:10|2_1:9|3_8|4_3:7|5_4
1_17:18:19:20|2_13:14:15:16|3_9:10:11:12|4_5:6:7:8|5_1:2:3:4
1_4:9:11|2_2:7|3_1:6|4_3:5|5_8:10
1_23:53:58:72|2_40|3_60:71:77|4_5:92
1_9:36:72:79|2_14:55:74:91|3_21:33:41:83|4_6:44:52:88|5_31:59:84:89
1_57|5_6:62
1_7|2_16|4_72:99|5_37:71
1_59:62:68|2_29:46|3_23:27:28:37|4_5:47|5_7:77
1_50:53|2_4:15:18:89|3_16:17:61:63|4_8:42:49:54|5_67:88:93
1_28:52:84:97|2_10:22:50:88|3_13:20:69:80|4_8:41:53:96|5_46:59
1_24:34:39:49|2_71:78:90:95|3_15:54:75:77|4_9:23:58:69|5_12:48:52:97
1_45:60:82:88|2_15:26:37:74|3_40:46:63:77|4_38:44:96:99|5_16:30:58:98
1_21:55:61:81|2_40:65:66:99|3_30:69:84:90|4_6:33:64:77|5_5:19:20:62
