14,16,24,26
14,15,16,24,25,26,34,35,36
14,15,16,24,26,34,35,36
14,15,16,24,25,26,34,35,36
-
24,25,26,34,35,36
14,15,16,34,35,36
14,15,16,24,25,26
15,25,35
14,16,24,26,34,36
14,15,24,25,34,35
15,24,25,35
24,25,35
15,35
35
15,24,35
24
14,15,16,24,25,26,34,35,36
14,15,16,24,25,26
14,15,16,34,35,36
15,35
14,15,16,34,35,36
15,35
24,26
-
25,35
35
15,24,35
15,25
-
14,15,16,24,34,35,36
14,15,16,24
14,15,16,24,34,35,36
14,15,16,24
14,15,16,34,35,36
34,35,36
15,35
24
-
14,15,16,24,34,35,36
14,15,16,34,35,36
15,24,26,35
15,24,35
24,26
24
