x=1,y=S,z=2
none
many
w=5
w=D
w=3
w=1
w=4
w=S,x=1
w=6,x=T
w=3,x=S
w=S,x=T
w=3,x=6
w=D,x=5,y=T
w=S,x=3,y=D
w=6,x=4,y=1
w=6,x=T,y=2
w=1,x=6,y=5
w=1,x=4,y=6,z=5
w=D,x=4,y=T,z=6
w=4,x=1,y=2,z=S
w=6,x=T,y=5,z=4
w=1,x=5,y=D,z=4
w=5,x=S,y=T,z=4
w=1,x=T,y=S,z=5
w=4,x=2,y=1,z=5
w=5,x=1,y=4,z=3
w=3,x=4,y=1,z=5
w=T,x=1,y=4,z=2
w=2,x=5,y=1,z=T
w=1,x=2,y=4,z=3
w=S,x=2,y=1,z=4
w=2,x=1,y=5,z=4
w=5,x=4,y=6,z=T
w=T,x=6,y=D,z=4
w=4,x=D,y=S,z=1
w=4,x=1,y=D,z=5
w=1,x=2,y=6,z=T
w=3,x=5,y=2,z=1
w=5,x=1,y=4,z=6
w=D,x=5,y=4,z=1
w=4,x=6,y=T,z=5
many
many
many
many
many
many
many
many
many
none
none
none
none
none
none
none
none
none
none
