1,3,2
1
1,2,3
3,1,2
2,1
3,2,1
3,1,2,4
1,2,4,3
5,4,3,2,1
2,1,3,4,5,6
3,4,5,6,1,2
1,7,6,2,5,4,3
8,1,6,2,3,4,7,5
1,3,8,5,6,7,2,4
3,5,7,8,1,2,4,9,6
10,1,4,6,9,3,8,5,7,2
6,8,7,2,1,5,4,10,3,9
2,7,1,3,9,5,8,10,11,4,6
3,7,9,8,1,4,2,12,10,11,5,6
3,11,4,7,10,9,1,5,6,2,8,12
10,9,2,1,11,13,3,7,6,4,5,8,12
10,11,14,8,13,5,7,2,3,4,9,1,12,6
4,3,5,12,9,14,6,11,1,13,7,8,2,10
7,6,9,10,4,12,14,2,8,15,3,1,11,5,13
7,16,1,2,13,6,15,8,9,14,3,4,12,5,11,10
9,11,4,8,1,3,7,10,15,5,14,16,6,13,2,12
6,2,9,11,8,1,4,7,16,12,17,13,14,3,5,10,15
7,8,17,10,2,9,13,16,18,4,12,11,15,3,6,1,5,14
5,11,12,3,8,15,10,16,1,7,2,13,6,18,14,17,4,9
10,13,14,6,12,1,11,17,8,7,2,3,5,9,4,18,16,15,19
1,14,10,13,15,18,3,5,8,9,12,2,20,4,19,17,11,7,6,16
