2,2,3,4,5,1,1,3,4,5
1,1,2,2,5,3,3,4,4,5|3,3,4,4,5,1,1,2,2,5
1,2,3,4,5,1,2,3,4,5
1,3,4,5,6,6,1,2,2,3,4,5
1,1,2,2,6,6,3,3,4,4,5,5|3,3,4,4,6,6,1,1,2,2,5,5
1,2,3,4,5,6,1,2,3,4,5,6
1,2,3,4,6,6,7,1,2,3,4,5,5,7
1,2,3,3,4,6,6,1,2,4,5,5,7,7
1,2,3,4,4,6,7,1,2,3,5,5,6,7
1,2,3,4,5,7,7,8,1,2,3,4,5,6,6,8
3,3,4,5,6,6,7,8,1,1,2,2,4,5,7,8
1,2,3,4,6,6,8,8,1,2,3,4,5,5,7,7
1,2,5,6,7,7,8,8,9,1,2,3,3,4,4,5,6,9
1,2,3,3,5,7,7,8,9,1,2,4,4,5,6,6,8,9
1,2,3,4,5,6,6,7,8,1,2,3,4,5,7,8,9,9
1,1,3,4,4,6,6,7,8,9,2,2,3,5,5,7,8,9,10,10
1,1,5,5,6,8,8,9,10,10,2,2,3,3,4,4,6,7,7,9
2,3,4,4,5,6,6,7,8,9,1,1,2,3,5,7,8,9,10,10
1,2,3,3,4,4,5,5,7,8,11,1,2,6,6,7,8,9,9,10,10,11
1,1,3,4,4,6,6,7,8,11,11,2,2,3,5,5,7,8,9,9,10,10
1,3,3,5,6,6,7,8,9,10,11,1,2,2,4,4,5,7,8,9,10,11
1,1,3,5,6,7,8,9,9,10,11,12,2,2,3,4,4,5,6,7,8,10,11,12
1,1,2,2,5,7,7,9,9,10,11,12,3,3,4,4,5,6,6,8,8,10,11,12|3,3,4,4,5,7,7,9,9,10,11,12,1,1,2,2,5,6,6,8,8,10,11,12
2,3,4,5,6,6,7,7,8,11,12,12,1,1,2,3,4,5,8,9,9,10,10,11|2,3,4,5,6,8,9,9,10,11,12,12,1,1,2,3,4,5,6,7,7,8,10,11
1,1,3,3,5,5,7,7,9,9,11,11,2,2,4,4,6,6,8,8,10,10,12,12
