ghilnqs
c
h
c
ej
bcghlq
deinsx
abcfgh
klmnot
hilmnqr
hilmnrw
himnqrs
defghij
abcfhkp
fgklmqrv
abcfghmr
bcghlmrs
bcglmnsx
cdehjmnot
klmnpqrsu
cdehjmrwx
mnpqrstwxy
abfghiklmn
lmnopqrstx
bcghlmrsty
cdehijmnos
ghklmnqrsw
fghijlmnoqv
cghiklmnpqru
ghklmnopqrtw
cdeghilmnqrs
hijklmnopqrs
abcdfhikmnps
abcfghklmpqr
deijnorstwxy
ghiklmnopqrst
dehijmnorswxy
hijmoqrstvwxy
hiklmnopqrstx
ghiklmnpqsuvwx
cdfghijmnorstx
abcfhkmpqrstwy
bcdgilmnoqrstvxy
abcdefjkoptuvwxy
bcdefghijklnopqrstvwx
abcdefghijklmnopqrstuvwxy
