1,7,12,13,14
2
1,4,6
1,2,4
2,3,4
4,5,10,12
4,5,6,9,11
1,4,6
1,7,9
1,10,16,17
1,17,24,26
2,3,6,8
2,3,4,5,8,9,11,12
2,6,8
8,16
1,2,17,18,19,23,24
2,15,17,27,28
1,2,17,19,25,26,27,28,29
1,17,19
18,19,24,26
1,6,16,23,24
1,8,13
1,2,12,17,19,20,21,22,28,29,30,31
1,27,28,29,36,37,38,39
1,20,30,31,32,33,34
2,3,4,5,6,7,8,10,11,26,27,28,33,34,35,36
2,4,7,32,34
1,32,34,41,42
1,12,17,25,26,27
1,6,13,18,19,20,21,22,23,24,25,30,31,32,33,34
5,6,8,9
1,3,4,7,8,9
1,5,8,13,17
9,14,37
1,32,34,45,46
8,9,23,26,27
1,49,51
25,26,27,28,29,31,32,33,35,36,37,38,43,44,45,46
39,48
1,33,35
1,16,43,48,49,51,54,55,56,57
1,21,30,32,37,38,39
16,17,18,41,43
34,35,36,42,50,52,53,54
4,5,31,33,46
32,33,34,35,36,37,38,39,40,41,52,53,57,58,59,60,61,62,63,64,65
20,21,25,27,48
1,50,52,69,70
24,25,26,37,74,76
36,42,54,56
48,49,50,76,78,90,91,92,93
77,91,93
21,22,28,30,43
66,68,83,85
38,39,59,61
74,75,82,84,95
1,21,23,71
43,55,57,65
84,85,98,100
57,82,95,97
38,39,51,53,67,68
91,96,101
2,12,22,24,90
46,50,52,81,82
86,87,99,101
110,111,119,121
41,42,43,44,59,60,61,62,63,64,76,77,78,79
10,11,12,18,77,79,101,102
86,88,96,105,106
110,111,119,121
72,73,74,75,76,86,92,93,94,95,96,101,102,103,104
55,56,57,73,75,81,82
74,75,77,82,83,84
53,69,86,88
73,90,104,124,140,141
73,74,78,113,120,122,123,124,131,132,133,134
