foo,bar,baz
-
-
-
-
-
-
/
-
-
Qux
Foo,Bar
-
-
-
Foo/Bar
-
"a",b
Foo/Bar
foo'bar
foo"bar
foo/,bar
ZtOuFM
-
///"//
File,I/O
Foo//Bar
-
-
///////
foo"""bar
/int,V,c
foo,bar,baz
-
///"/,"
foo/bar,baz
///,//
-
foo/bar,baz
//,"/,"/
-
foo//bar,baz
foo,bar//baz
'/'//'''//
8//k///"3da"
foo,/bar/,baz
/,/////
-
What,is,"real"
//'/////,//
8hKE3Fx,4/Hk,J
////"//"///
Ro/j''/2u/f/r/3n
hoge//fuga/piyo
foo//bar/baz,qux
///",///',/
2,L3A8p,7/wP49Jb
foo',bar',baz'
////'///'///''/
F6vX,q,Zu/5,/H"/w
foo'bar,hoge"fuga
-
0gKkoYUbS/p''z/Et
Foo,Bar,Hoge'/'Fuga
