8,57
28
15
210
20
39,51
16,99,220
22,28,238
2,4,5
27,33,99,110,189
8,12,28
21,42,105,399
33,35,55
2,20,40,48,60
3,10,16,42,60
6,21,24,85
9,15,18,27,30,45
6,20,33,39,42,110
3,20,35,44,90
2,35,49,60,77
78,104,108,144
90,100,135,150
6,12,30,72,252
2,10,18,48,57
6,21,22,60,65
4,6,9,17
4,8,10,16,20,36
10,24,30,72,238
2,10,12,13,16,20,52,143
2,4,6,8,15,26,39,44,195
3,12,18,24,33,60,66
2,4,9,10,12,13,34,286
4,8,13,80,117,160,260
3,4,5,7,14,18,28,35,49,63
6,9,12,18,27,32,48,64,70,96,144
4,9,10,12,15,18,20,24,30,32
4,6,14,20,30,46,161,230
4,6,24,36,40,60,112
6,7,10,15,28,30,40,75
1,6,11,18,21,33,72,80,90,96
2,4,5,27,28,32,35,36,40,54,63,432
3,4,8,9,10,10,20,27,45,52
1,4,6,9,10,12,21,24,39,52,70,130
4,7,32,56,90,100,175,250
10,10,12,12,14,15,16,21,24,35,40,42,48,49,56,88,98
10,12,13,14,14,21,24,42,48,66,77
4,8,9,12,26,27,28,36,42,57,78,221
3,4,6,8,9,12,15,15,18,27,36,45,81,84,96
3,5,6,8,8,15,18,20,21,24,27,32,48,50,63,70
1,1,4,7,11,14,18,21,33,70,78,117,126
2,3,9,10,27,45,50,81,81,90,105,135,150
4,6,7,12,14,14,16,21,22,24,70,80,120,135
2,4,6,8,10,10,12,16,16,20,22,24,24,30,30,36,39,48
1,2,2,2,3,3,4,4,4,5,8,8,9,10,12,12,12,12,15,15,16,16,20,24,27,30,32,48
