15
0
100
0
1
6
28
2
12
7
10
22
24
0
5
8
18
17
16
26
31
11
4
23
13
3
9
49
33
15
27
20
19
14
63
32
21
25
30
36
38
29
53
0
1000000000000
23235346312
120432128946
14449477996
80430542457
101023697750
146781576755
14547945541
6099016393
17155773920
29209657076
1613805895
65618672419
10699927141
2248189616
2674653690
15581448155
14386837842
6965439376
9112009335
6168536238
86680486267
92407004992
0
85884450562
14720121165
74159512604
54486189445
91224212925
12278479070
76925305012
57806507475
16448211254
43746337696
7539024478
17556869402
11528231295
4349052288
27756635628
76070680990
11439007625
