*****/*9*9*/*9*8*/*9*9*/82**7
*****/*****/*****/*1999/*****
*****/*****/*****/*****/*****
*****/*****/*****/*****/*****
*****/*****/*****/*****/*****
45*20/46871/46971/36771/33222
21**0/70*87/91***/20***/96*89
7***8/**6**/*726*/91783/17242
***22/69**9/2***3/0*129/52082
2***3/71**9/4**04/1***6/91*34
***7*/*8***/349**/2061*/7977*
78*55/****8/48***/094*7/78865
82*72/6**27/34**9/****6/45211
1**02/***02/1*203/**906/6*628
52*32/0****/***10/81*14/75*49
8****/***83/***64/**916/20026
7**61/***28/9**54/7*654/5*861
*****/***0*/3*1**/421*5/68339
92***/1***0/84**7/69***/75***
40***/920**/687**/3****/9*6*9
55**1/*****/56*3*/92226/57838
***67/*5**4/*0**8/*5675/17028
97*90/4**13/4**68/****5/*7098
****8/*3**5/10***/14550/03167
9**25/0***4/1**26/1*112/3*496
****4/*****/1****/3291*/83223
7****/97**9/97*02/1***9/3**89
63*56/***56/**586/**356/5*386
55*04/29*55/42***/28***/27*7*
96**9/76**0/06***/98***/70575
9****/9**91/9**97/11*00/85047
12*18/1**11/9***3/43*35/82***
****8/****0/492*6/62965/07154
***72/***69/*6995/*8254/**735
98*28/9****/***13/*2*00/**116
*****/***80/21*82/03*31/46244
42*65/***06/**970/1**0*/39***
41***/612**/579**/291**/55908
03*9*/09***/260*4/20***/355**
7**61/***55/****0/**106/**155
56**0/39***/05***/76***/03879
*****/9***7/13**7/94094/13762
66***/257*6/49***/779**/365*9
*****/58**0/37**7/06079/25691
***80/**677/***08/**867/*8064
***03/8**87/4**07/**558/**933
