4/3
0/2
0,1,2/0,1,2
1,3/0,2
1/4
0,1,2/0,1,2
0/2
1/4
0,1,2/0,1,2
0/2
0/8
0/2
0,1,2/0,1,2
0/2
30/4
3/4
1/2
0,1,2,3,4/0,1,2,3,4
0/4
120/94
5/2
0/2
5/4
9/8
0/4
2/1
1/0
40/39
4/3
2,6/1,5
1/0
3/2
659/657
92/88
2958/2957
0,3/2,5
4/3
2,6/3,7
0/3
7034/7033
1/0
12/11
692/660
12/8
3/11
9/11
45061/45058
1/2
0,1,2,3,4/0,1,2,3,4
2/1
771/723
809/808
18023/18019
3/2
4/5
8969/8721
17/16
7/2
6/1
10/1
46/45
7,32/19,44
1/4
2/5
4/98
2,6,10/1,5,9
5/4
9,22,35,48,61/7,20,33,46,59
0,20,40,60,80/13,33,53,73,93
9/59
0,2,4,6/1,3,5,7
70,141,212,283/66,137,208,279
3/5
329/175
48531/48522
9463/7073
70/279
659/656
22,51,80,109,138,167/20,49,78,107,136,165
10/5
22/165
1,3,5,7,9/0,2,4,6,8
32143/32142
57,118,179,240/53,114,175,236
2,5,8,11/1,4,7,10
57/236
47579/44111
514,1035,1556,2077,2598,3119/512,1033,1554,2075,2596,3117
