2,8,9,10,13,23,27
2
1,4
1,1,2,3
5,7,9,10,11
2,4,4,4,6
5,6,7,8,24
3,8,9
7,9,9
55,89
34,55,89
1,3,5,6,7,8,24
6,8,9
5,6,7,8,8
3,5,6,6,6
5,5,6,6,8
1,1,3,3,3,5,5,5,6,8,9
41,98,119
5,10,11,12,14,17
10,12,13,15,16
24,43,87
3,6,27,28
10,12,19
2,3,5,5,6,7
22,92,93,103
4,9,11,15,26,27
76,83,87,88
39,68,94,106
73,96,105
4,6,15,16
1,1,2,3,3,5,6,7,9,12
16,17
43,43,53,77,108
63,94,98,107,125
26,30,46,57,96,112
68,75,84,117
22,43,52,62,98,105
43,53,59,67,71
21,51,73,102
27,40,46,92,94,118
18,41,41,87,95,101,102
38,45,74,89,91
15,22,80,82,89,103
15,25,29,35
31,54,61,66,75,95
32,54,76,78,83,126
68,68,116,122
46,103,133
82,106,129,140
10,16,20,29,104,106,143,145,147
18,28,89,97,104,119,143
8,21,44,55,83,98,134,156
58,61,117,128,151,160
26,33,51,55,69,145,147,160,162
26,37,38,48,172
