2,8,10,16,18,24,26
4,8,12,16,20,24,28,32,36,40,44,48,52,...,2744,2748
1,2,3,4,5,6,7,16,17,18,19,20,21,...,502,503
0,1
2,8,10
0,134217728
1,16384,16385
1,32768,32769
2,4,6,8,10,12,14
1,65536,65537
1,131072,131073
1,262144,262145
1,524288,524289
1,1048576,1048577
1,2097152,2097153
1,4194304,4194305
1,8388608,8388609
1,16777216,16777217
1,33554432,33554433
1,67108864,67108865
1,134217728,134217729
67108864,134217728,201326592
1,2,3,4,5,6,7,8,9,10,11,12,13,14,15
1,2,3,4,5,6,7,8,9,10,11,12,13,...,254,255
1,1024,1025,1048576,1048577,1049600,1049601
1,2048,2049,4194304,4194305,4196352,4196353
1,2,3,4,5,6,7,8,9,10,11,12,13,...,986894,986895
1,4096,4097,16777216,16777217,16781312,16781313
1,8192,8193,67108864,67108865,67117056,67117057
1,2,3,16,17,18,19,32,33,34,35,48,49,...,209714,209715
1,4,5,16,17,20,21,64,65,68,69,80,81,...,349524,349525
4,8,12,16,20,24,28,64,68,72,76,80,84,...,344408,344412
1,2,3,4,5,6,7,8,9,10,11,12,13,...,268435454,268435455
2,8,10,32,34,40,42,128,130,136,138,160,162,...,699048,699050
4,8,12,32,36,40,44,512,516,520,524,544,548,...,71567912,71567916
1,8,9,64,65,72,73,512,513,520,521,576,577,...,153391688,153391689
33554432,67108864,100663296,134217728,167772160,201326592,234881024
8,128,136,512,520,640,648,2048,2056,2176,2184,2560,2568,...,8407680,8407688
8,512,520,1024,1032,1536,1544,65536,65544,66048,66056,66560,66568,67072,67080
1,16,17,256,257,272,273,4096,4097,4112,4113,4352,4353,...,17895696,17895697
2,8,10,32,34,40,42,65536,65538,65544,65546,65568,65570,...,110034984,110034986
1,32,33,1024,1025,1056,1057,32768,32769,32800,32801,33792,33793,...,34636832,34636833
4,128,132,8192,8196,8320,8324,16384,16388,16512,16516,24576,24580,...,33611904,33611908
1,64,65,4096,4097,4160,4161,262144,262145,262208,262209,266240,266241,...,17043520,17043521
1,32,33,32768,32769,32800,32801,65536,65537,65568,65569,98304,98305,...,172064800,172064801
1,128,129,16384,16385,16512,16513,2097152,2097153,2097280,2097281,2113536,2113537,2113664,2113665
1,256,257,65536,65537,65792,65793,16777216,16777217,16777472,16777473,16842752,16842753,16843008,16843009
2,64,66,2048,2050,2112,2114,134217728,134217730,134217792,134217794,134219776,134219778,134219840,134219842
64,256,320,524288,524352,524544,524608,1048576,1048640,1048832,1048896,1572864,1572928,...,43516160,43516224
8,2048,2056,65536,65544,67584,67592,16777216,16777224,16779264,16779272,16842752,16842760,...,251725824,251725832
1,512,513,262144,262145,262656,262657,134217728,134217729,134218240,134218241,134479872,134479873,134480384,134480385
1,2,3,67108864,67108865,67108866,67108867,134217728,134217729,134217730,134217731,201326592,201326593,201326594,201326595
1,2,3,33554432,33554433,33554434,33554435,67108864,67108865,67108866,67108867,100663296,100663297,...,234881026,234881027
8388608,16777216,25165824,33554432,41943040,50331648,58720256,67108864,75497472,83886080,92274688,100663296,109051904,...,251658240,260046848
16777216,33554432,50331648,67108864,83886080,100663296,117440512,134217728,150994944,167772160,184549376,201326592,218103808,234881024,251658240
